Arguments: 
  C:\Program Files\nodejs\node.exe C:\Users\RNW\AppData\Roaming\npm\node_modules\yarn\bin\yarn.js

PATH: 
  C:\Windows\system32;C:\Windows;C:\Windows\System32\Wbem;C:\Windows\System32\WindowsPowerShell\v1.0\;C:\Windows\System32\OpenSSH\;C:\Program Files\Git\cmd;C:\Program Files\Git\mingw64\bin;C:\Program Files\Git\usr\bin;%NVM_HOME%;%NVM_SYMLINK%;C:\Users\RNW\AppData\Local\Microsoft\WindowsApps;C:\Users\RNW\AppData\Local\Programs\Microsoft VS Code\bin;C:\Users\RNW\AppData\Local\GitHubDesktop\bin;C:\Users\RNW\AppData\Roaming\npm;C:\Users\RNW\AppData\Roaming\nvm;C:\Program Files\nodejs

Yarn version: 
  1.22.19

Node version: 
  18.16.1

Platform: 
  win32 x64

Trace: 
  SyntaxError: D:\Node HW\Home-work\package.json: Unexpected token } in JSON at position 242
      at JSON.parse (<anonymous>)
      at C:\Users\RNW\AppData\Roaming\npm\node_modules\yarn\lib\cli.js:1629:59
      at Generator.next (<anonymous>)
      at step (C:\Users\RNW\AppData\Roaming\npm\node_modules\yarn\lib\cli.js:310:30)
      at C:\Users\RNW\AppData\Roaming\npm\node_modules\yarn\lib\cli.js:321:13

npm manifest: 
  {
    "name": "pr1",
    "version": "1.0.0",
    "description": "",
    "main": "app.js",
    "scripts": {
      "test": "echo \"Error: no test specified\" && exit 1",
      "start": "nodemon ./src/index.js"
    },
    "author": "khushal",
    "license": "ISC",
  }

yarn manifest: 
  No manifest

Lockfile: 
  No lockfile
